pulse-android/app/build/intermediates/manifest_merge_blame_file/debug/processDebugMainManifest/manifest-merger-blame-debug-report.txt
1<?xml version="1.0" encoding="utf-8"?>
2<manifest xmlns:android="http://schemas.android.com/apk/res/android"
3    package="com.pulse.music"
4    android:versionCode="1"
5    android:versionName="1.0" >
6
7    <uses-sdk
8        android:minSdkVersion="24"
9        android:targetSdkVersion="34" />
10
11    <uses-permission android:name="android.permission.INTERNET" />
11-->src\main\AndroidManifest.xml:4:5-67
11-->src\main\AndroidManifest.xml:4:22-64
12    <uses-permission android:name="android.permission.FOREGROUND_SERVICE" />
12-->src\main\AndroidManifest.xml:5:5-77
12-->src\main\AndroidManifest.xml:5:22-74
13    <uses-permission android:name="android.permission.FOREGROUND_SERVICE_MEDIA_PLAYBACK" />
13-->src\main\AndroidManifest.xml:6:5-92
13-->src\main\AndroidManifest.xml:6:22-89
14    <uses-permission android:name="android.permission.READ_EXTERNAL_STORAGE" />
14-->src\main\AndroidManifest.xml:7:5-80
14-->src\main\AndroidManifest.xml:7:22-77
15    <uses-permission android:name="android.permission.READ_MEDIA_AUDIO" />
15-->src\main\AndroidManifest.xml:8:5-75
15-->src\main\AndroidManifest.xml:8:22-72
16    <uses-permission android:name="android.permission.POST_NOTIFICATIONS" />
16-->src\main\AndroidManifest.xml:9:5-77
16-->src\main\AndroidManifest.xml:9:22-74
17    <uses-permission android:name="android.permission.USE_FULL_SCREEN_INTENT" />
17-->src\main\AndroidManifest.xml:10:5-81
17-->src\main\AndroidManifest.xml:10:22-78
18    <uses-permission android:name="android.permission.REQUEST_INSTALL_PACKAGES" />
18-->src\main\AndroidManifest.xml:11:5-83
18-->src\main\AndroidManifest.xml:11:22-80
19    <uses-permission android:name="android.permission.ACCESS_NETWORK_STATE" />
19-->[androidx.media3:media3-common:1.4.1] AndroidManifest.xml:22:5-79
19-->[androidx.media3:media3-common:1.4.1] AndroidManifest.xml:22:22-76
20
21    <queries>
21-->[com.facebook.android:facebook-common:17.0.0] AndroidManifest.xml:17:5-19:15
22        <package android:name="com.facebook.katana" />
22-->[com.facebook.android:facebook-common:17.0.0] AndroidManifest.xml:18:9-55
22-->[com.facebook.android:facebook-common:17.0.0] AndroidManifest.xml:18:18-52
23    </queries>
24
25    <uses-permission android:name="com.google.android.gms.permission.AD_ID" />
25-->[com.facebook.android:facebook-core:17.0.0] AndroidManifest.xml:16:5-79
25-->[com.facebook.android:facebook-core:17.0.0] AndroidManifest.xml:16:22-76
26
27    <permission
27-->[androidx.core:core:1.12.0] AndroidManifest.xml:22:5-24:47
28        android:name="com.pulse.music.DYNAMIC_RECEIVER_NOT_EXPORTED_PERMISSION"
28-->[androidx.core:core:1.12.0] AndroidManifest.xml:23:9-81
29        android:protectionLevel="signature" />
29-->[androidx.core:core:1.12.0] AndroidManifest.xml:24:9-44
30
31    <uses-permission android:name="com.pulse.music.DYNAMIC_RECEIVER_NOT_EXPORTED_PERMISSION" />
31-->[androidx.core:core:1.12.0] AndroidManifest.xml:26:5-97
31-->[androidx.core:core:1.12.0] AndroidManifest.xml:26:22-94
32    <uses-permission android:name="com.google.android.finsky.permission.BIND_GET_INSTALL_REFERRER_SERVICE" />
32-->[com.android.installreferrer:installreferrer:1.0] AndroidManifest.xml:9:5-110
32-->[com.android.installreferrer:installreferrer:1.0] AndroidManifest.xml:9:22-107
33
34    <application
34-->src\main\AndroidManifest.xml:13:5-73:19
35        android:name="com.pulse.music.PulseApplication"
35-->src\main\AndroidManifest.xml:14:9-41
36        android:allowBackup="true"
36-->src\main\AndroidManifest.xml:15:9-35
37        android:appComponentFactory="androidx.core.app.CoreComponentFactory"
37-->[androidx.core:core:1.12.0] AndroidManifest.xml:28:18-86
38        android:debuggable="true"
39        android:extractNativeLibs="false"
40        android:icon="@mipmap/ic_launcher"
40-->src\main\AndroidManifest.xml:17:9-43
41        android:label="Pulse Music"
41-->src\main\AndroidManifest.xml:19:9-36
42        android:roundIcon="@mipmap/ic_launcher_round"
42-->src\main\AndroidManifest.xml:18:9-54
43        android:supportsRtl="true"
43-->src\main\AndroidManifest.xml:20:9-35
44        android:theme="@android:style/Theme.DeviceDefault.Light.NoActionBar"
44-->src\main\AndroidManifest.xml:21:9-77
45        android:usesCleartextTraffic="true" >
45-->src\main\AndroidManifest.xml:16:9-44
46        <activity
46-->src\main\AndroidManifest.xml:23:9-37:20
47            android:name="com.pulse.music.MainActivity"
47-->src\main\AndroidManifest.xml:24:13-41
48            android:exported="true" >
48-->src\main\AndroidManifest.xml:25:13-36
49            <intent-filter>
49-->src\main\AndroidManifest.xml:26:13-29:29
50                <action android:name="android.intent.action.MAIN" />
50-->src\main\AndroidManifest.xml:27:17-69
50-->src\main\AndroidManifest.xml:27:25-66
51
52                <category android:name="android.intent.category.LAUNCHER" />
52-->src\main\AndroidManifest.xml:28:17-77
52-->src\main\AndroidManifest.xml:28:27-74
53            </intent-filter>
54            <intent-filter>
54-->src\main\AndroidManifest.xml:30:13-36:29
55                <action android:name="android.intent.action.VIEW" />
55-->src\main\AndroidManifest.xml:31:17-69
55-->src\main\AndroidManifest.xml:31:25-66
56
57                <category android:name="android.intent.category.DEFAULT" />
57-->src\main\AndroidManifest.xml:32:17-76
57-->src\main\AndroidManifest.xml:32:27-73
58                <category android:name="android.intent.category.BROWSABLE" />
58-->src\main\AndroidManifest.xml:33:17-78
58-->src\main\AndroidManifest.xml:33:27-75
59
60                <data
60-->src\main\AndroidManifest.xml:34:17-67
61                    android:host="jam"
61-->src\main\AndroidManifest.xml:34:46-64
62                    android:scheme="pulse" />
62-->src\main\AndroidManifest.xml:34:23-45
63                <data
63-->src\main\AndroidManifest.xml:34:17-67
64                    android:host="pulsemusic.app"
64-->src\main\AndroidManifest.xml:34:46-64
65                    android:pathPrefix="/jam"
65-->src\main\AndroidManifest.xml:35:76-101
66                    android:scheme="https" />
66-->src\main\AndroidManifest.xml:34:23-45
67            </intent-filter>
68        </activity>
69        <activity
69-->src\main\AndroidManifest.xml:39:9-45:40
70            android:name="com.pulse.music.ui.lockscreen.LockScreenActivity"
70-->src\main\AndroidManifest.xml:40:13-61
71            android:excludeFromRecents="true"
71-->src\main\AndroidManifest.xml:42:13-46
72            android:exported="false"
72-->src\main\AndroidManifest.xml:45:13-37
73            android:launchMode="singleInstance"
73-->src\main\AndroidManifest.xml:43:13-48
74            android:showWhenLocked="true"
74-->src\main\AndroidManifest.xml:41:13-42
75            android:theme="@android:style/Theme.Translucent.NoTitleBar" />
75-->src\main\AndroidManifest.xml:44:13-72
76
77        <service
77-->src\main\AndroidManifest.xml:47:9-54:19
78            android:name="com.pulse.music.player.PlaybackService"
78-->src\main\AndroidManifest.xml:48:13-51
79            android:exported="true"
79-->src\main\AndroidManifest.xml:49:13-36
80            android:foregroundServiceType="mediaPlayback" >
80-->src\main\AndroidManifest.xml:50:13-58
81            <intent-filter>
81-->src\main\AndroidManifest.xml:51:13-53:29
82                <action android:name="androidx.media3.session.MediaSessionService" />
82-->src\main\AndroidManifest.xml:52:17-86
82-->src\main\AndroidManifest.xml:52:25-83
83            </intent-filter>
84        </service>
85
86        <meta-data
86-->src\main\AndroidManifest.xml:56:9-107
87            android:name="com.facebook.sdk.ApplicationId"
87-->src\main\AndroidManifest.xml:56:20-65
88            android:value="@string/facebook_app_id" />
88-->src\main\AndroidManifest.xml:56:66-105
89        <meta-data
89-->src\main\AndroidManifest.xml:57:9-111
90            android:name="com.facebook.sdk.ClientToken"
90-->src\main\AndroidManifest.xml:57:20-63
91            android:value="@string/facebook_client_token" />
91-->src\main\AndroidManifest.xml:57:64-109
92
93        <activity
93-->src\main\AndroidManifest.xml:59:9-62:48
94            android:name="com.facebook.FacebookActivity"
94-->src\main\AndroidManifest.xml:59:19-63
95            android:configChanges="keyboard|keyboardHidden|screenLayout|screenSize|orientation"
95-->src\main\AndroidManifest.xml:60:13-118
96            android:label="@string/app_name"
96-->src\main\AndroidManifest.xml:62:13-45
97            android:theme="@style/com_facebook_activity_theme" />
97-->[com.facebook.android:facebook-common:17.0.0] AndroidManifest.xml:25:13-63
98        <activity
98-->src\main\AndroidManifest.xml:63:9-72:20
99            android:name="com.facebook.CustomTabActivity"
99-->src\main\AndroidManifest.xml:64:13-58
100            android:exported="true" >
100-->src\main\AndroidManifest.xml:65:13-36
101            <intent-filter>
101-->src\main\AndroidManifest.xml:66:13-71:29
102                <action android:name="android.intent.action.VIEW" />
102-->src\main\AndroidManifest.xml:31:17-69
102-->src\main\AndroidManifest.xml:31:25-66
103
104                <category android:name="android.intent.category.DEFAULT" />
104-->src\main\AndroidManifest.xml:32:17-76
104-->src\main\AndroidManifest.xml:32:27-73
105                <category android:name="android.intent.category.BROWSABLE" />
105-->src\main\AndroidManifest.xml:33:17-78
105-->src\main\AndroidManifest.xml:33:27-75
106
107                <data android:scheme="@string/fb_login_protocol_scheme" />
107-->src\main\AndroidManifest.xml:34:17-67
107-->src\main\AndroidManifest.xml:34:23-45
108            </intent-filter>
109            <intent-filter>
109-->[com.facebook.android:facebook-common:17.0.0] AndroidManifest.xml:31:13-40:29
110                <action android:name="android.intent.action.VIEW" />
110-->src\main\AndroidManifest.xml:31:17-69
110-->src\main\AndroidManifest.xml:31:25-66
111
112                <category android:name="android.intent.category.DEFAULT" />
112-->src\main\AndroidManifest.xml:32:17-76
112-->src\main\AndroidManifest.xml:32:27-73
113                <category android:name="android.intent.category.BROWSABLE" />
113-->src\main\AndroidManifest.xml:33:17-78
113-->src\main\AndroidManifest.xml:33:27-75
114
115                <data
115-->src\main\AndroidManifest.xml:34:17-67
116                    android:host="cct.com.pulse.music"
116-->src\main\AndroidManifest.xml:34:46-64
117                    android:scheme="fbconnect" />
117-->src\main\AndroidManifest.xml:34:23-45
118            </intent-filter>
119        </activity>
120
121        <service
121-->[androidx.credentials:credentials-play-services-auth:1.2.2] AndroidManifest.xml:24:9-32:19
122            android:name="androidx.credentials.playservices.CredentialProviderMetadataHolder"
122-->[androidx.credentials:credentials-play-services-auth:1.2.2] AndroidManifest.xml:25:13-94
123            android:enabled="true"
123-->[androidx.credentials:credentials-play-services-auth:1.2.2] AndroidManifest.xml:26:13-35
124            android:exported="false" >
124-->[androidx.credentials:credentials-play-services-auth:1.2.2] AndroidManifest.xml:27:13-37
125            <meta-data
125-->[androidx.credentials:credentials-play-services-auth:1.2.2] AndroidManifest.xml:29:13-31:104
126                android:name="androidx.credentials.CREDENTIAL_PROVIDER_KEY"
126-->[androidx.credentials:credentials-play-services-auth:1.2.2] AndroidManifest.xml:30:17-76
127                android:value="androidx.credentials.playservices.CredentialProviderPlayServicesImpl" />
127-->[androidx.credentials:credentials-play-services-auth:1.2.2] AndroidManifest.xml:31:17-101
128        </service>
129
130        <activity
130-->[androidx.credentials:credentials-play-services-auth:1.2.2] AndroidManifest.xml:34:9-41:20
131            android:name="androidx.credentials.playservices.HiddenActivity"
131-->[androidx.credentials:credentials-play-services-auth:1.2.2] AndroidManifest.xml:35:13-76
132            android:configChanges="orientation|screenSize|screenLayout|keyboardHidden"
132-->[androidx.credentials:credentials-play-services-auth:1.2.2] AndroidManifest.xml:36:13-87
133            android:enabled="true"
133-->[androidx.credentials:credentials-play-services-auth:1.2.2] AndroidManifest.xml:37:13-35
134            android:exported="false"
134-->[androidx.credentials:credentials-play-services-auth:1.2.2] AndroidManifest.xml:38:13-37
135            android:fitsSystemWindows="true"
135-->[androidx.credentials:credentials-play-services-auth:1.2.2] AndroidManifest.xml:39:13-45
136            android:theme="@style/Theme.Hidden" >
136-->[androidx.credentials:credentials-play-services-auth:1.2.2] AndroidManifest.xml:40:13-48
137        </activity>
138        <activity
138-->[com.google.android.gms:play-services-auth:20.7.0] AndroidManifest.xml:23:9-27:75
139            android:name="com.google.android.gms.auth.api.signin.internal.SignInHubActivity"
139-->[com.google.android.gms:play-services-auth:20.7.0] AndroidManifest.xml:24:13-93
140            android:excludeFromRecents="true"
140-->[com.google.android.gms:play-services-auth:20.7.0] AndroidManifest.xml:25:13-46
141            android:exported="false"
141-->[com.google.android.gms:play-services-auth:20.7.0] AndroidManifest.xml:26:13-37
142            android:theme="@android:style/Theme.Translucent.NoTitleBar" />
142-->[com.google.android.gms:play-services-auth:20.7.0] AndroidManifest.xml:27:13-72
143        <!--
144            Service handling Google Sign-In user revocation. For apps that do not integrate with
145            Google Sign-In, this service will never be started.
146        -->
147        <service
147-->[com.google.android.gms:play-services-auth:20.7.0] AndroidManifest.xml:33:9-37:51
148            android:name="com.google.android.gms.auth.api.signin.RevocationBoundService"
148-->[com.google.android.gms:play-services-auth:20.7.0] AndroidManifest.xml:34:13-89
149            android:exported="true"
149-->[com.google.android.gms:play-services-auth:20.7.0] AndroidManifest.xml:35:13-36
150            android:permission="com.google.android.gms.auth.api.signin.permission.REVOCATION_NOTIFICATION"
150-->[com.google.android.gms:play-services-auth:20.7.0] AndroidManifest.xml:36:13-107
151            android:visibleToInstantApps="true" />
151-->[com.google.android.gms:play-services-auth:20.7.0] AndroidManifest.xml:37:13-48
152
153        <activity android:name="com.facebook.CustomTabMainActivity" />
153-->[com.facebook.android:facebook-common:17.0.0] AndroidManifest.xml:26:9-71
153-->[com.facebook.android:facebook-common:17.0.0] AndroidManifest.xml:26:19-68
154        <activity
154-->[com.google.android.gms:play-services-base:18.0.1] AndroidManifest.xml:20:9-22:45
155            android:name="com.google.android.gms.common.api.GoogleApiActivity"
155-->[com.google.android.gms:play-services-base:18.0.1] AndroidManifest.xml:20:19-85
156            android:exported="false"
156-->[com.google.android.gms:play-services-base:18.0.1] AndroidManifest.xml:22:19-43
157            android:theme="@android:style/Theme.Translucent.NoTitleBar" />
157-->[com.google.android.gms:play-services-base:18.0.1] AndroidManifest.xml:21:19-78
158
159        <meta-data
159-->[com.google.android.gms:play-services-basement:18.2.0] AndroidManifest.xml:21:9-23:69
160            android:name="com.google.android.gms.version"
160-->[com.google.android.gms:play-services-basement:18.2.0] AndroidManifest.xml:22:13-58
161            android:value="@integer/google_play_services_version" />
161-->[com.google.android.gms:play-services-basement:18.2.0] AndroidManifest.xml:23:13-66
162        <!--
163         The initialization ContentProvider will call FacebookSdk.sdkInitialize automatically
164         with the application context. This config is merged in with the host app's manifest,
165         but there can only be one provider with the same authority activated at any given
166         point; so if the end user has two or more different apps that use Facebook SDK, only the
167         first one will be able to use the provider. To work around this problem, we use the
168         following placeholder in the authority to identify each host application as if it was
169         a completely different provider.
170        -->
171        <provider
171-->[com.facebook.android:facebook-core:17.0.0] AndroidManifest.xml:29:9-32:40
172            android:name="com.facebook.internal.FacebookInitProvider"
172-->[com.facebook.android:facebook-core:17.0.0] AndroidManifest.xml:30:13-70
173            android:authorities="com.pulse.music.FacebookInitProvider"
173-->[com.facebook.android:facebook-core:17.0.0] AndroidManifest.xml:31:13-72
174            android:exported="false" />
174-->[com.facebook.android:facebook-core:17.0.0] AndroidManifest.xml:32:13-37
175
176        <receiver
176-->[com.facebook.android:facebook-core:17.0.0] AndroidManifest.xml:34:9-40:20
177            android:name="com.facebook.CurrentAccessTokenExpirationBroadcastReceiver"
177-->[com.facebook.android:facebook-core:17.0.0] AndroidManifest.xml:35:13-86
178            android:exported="false" >
178-->[com.facebook.android:facebook-core:17.0.0] AndroidManifest.xml:36:13-37
179            <intent-filter>
179-->[com.facebook.android:facebook-core:17.0.0] AndroidManifest.xml:37:13-39:29
180                <action android:name="com.facebook.sdk.ACTION_CURRENT_ACCESS_TOKEN_CHANGED" />
180-->[com.facebook.android:facebook-core:17.0.0] AndroidManifest.xml:38:17-95
180-->[com.facebook.android:facebook-core:17.0.0] AndroidManifest.xml:38:25-92
181            </intent-filter>
182        </receiver>
183        <receiver
183-->[com.facebook.android:facebook-core:17.0.0] AndroidManifest.xml:41:9-47:20
184            android:name="com.facebook.AuthenticationTokenManager$CurrentAuthenticationTokenChangedBroadcastReceiver"
184-->[com.facebook.android:facebook-core:17.0.0] AndroidManifest.xml:42:13-118
185            android:exported="false" >
185-->[com.facebook.android:facebook-core:17.0.0] AndroidManifest.xml:43:13-37
186            <intent-filter>
186-->[com.facebook.android:facebook-core:17.0.0] AndroidManifest.xml:44:13-46:29
187                <action android:name="com.facebook.sdk.ACTION_CURRENT_AUTHENTICATION_TOKEN_CHANGED" />
187-->[com.facebook.android:facebook-core:17.0.0] AndroidManifest.xml:45:17-103
187-->[com.facebook.android:facebook-core:17.0.0] AndroidManifest.xml:45:25-100
188            </intent-filter>
189        </receiver>
190
191        <provider
191-->[androidx.emoji2:emoji2:1.3.0] AndroidManifest.xml:24:9-32:20
192            android:name="androidx.startup.InitializationProvider"
192-->[androidx.emoji2:emoji2:1.3.0] AndroidManifest.xml:25:13-67
193            android:authorities="com.pulse.music.androidx-startup"
193-->[androidx.emoji2:emoji2:1.3.0] AndroidManifest.xml:26:13-68
194            android:exported="false" >
194-->[androidx.emoji2:emoji2:1.3.0] AndroidManifest.xml:27:13-37
195            <meta-data
195-->[androidx.emoji2:emoji2:1.3.0] AndroidManifest.xml:29:13-31:52
196                android:name="androidx.emoji2.text.EmojiCompatInitializer"
196-->[androidx.emoji2:emoji2:1.3.0] AndroidManifest.xml:30:17-75
197                android:value="androidx.startup" />
197-->[androidx.emoji2:emoji2:1.3.0] AndroidManifest.xml:31:17-49
198            <meta-data
198-->[androidx.lifecycle:lifecycle-process:2.7.0] AndroidManifest.xml:29:13-31:52
199                android:name="androidx.lifecycle.ProcessLifecycleInitializer"
199-->[androidx.lifecycle:lifecycle-process:2.7.0] AndroidManifest.xml:30:17-78
200                android:value="androidx.startup" />
200-->[androidx.lifecycle:lifecycle-process:2.7.0] AndroidManifest.xml:31:17-49
201            <meta-data
201-->[androidx.profileinstaller:profileinstaller:1.3.1] AndroidManifest.xml:29:13-31:52
202                android:name="androidx.profileinstaller.ProfileInstallerInitializer"
202-->[androidx.profileinstaller:profileinstaller:1.3.1] AndroidManifest.xml:30:17-85
203                android:value="androidx.startup" />
203-->[androidx.profileinstaller:profileinstaller:1.3.1] AndroidManifest.xml:31:17-49
204        </provider>
205
206        <service
206-->[androidx.room:room-runtime:2.6.1] AndroidManifest.xml:24:9-28:63
207            android:name="androidx.room.MultiInstanceInvalidationService"
207-->[androidx.room:room-runtime:2.6.1] AndroidManifest.xml:25:13-74
208            android:directBootAware="true"
208-->[androidx.room:room-runtime:2.6.1] AndroidManifest.xml:26:13-43
209            android:exported="false" />
209-->[androidx.room:room-runtime:2.6.1] AndroidManifest.xml:27:13-37
210
211        <receiver
211-->[androidx.profileinstaller:profileinstaller:1.3.1] AndroidManifest.xml:34:9-52:20
212            android:name="androidx.profileinstaller.ProfileInstallReceiver"
212-->[androidx.profileinstaller:profileinstaller:1.3.1] AndroidManifest.xml:35:13-76
213            android:directBootAware="false"
213-->[androidx.profileinstaller:profileinstaller:1.3.1] AndroidManifest.xml:36:13-44
214            android:enabled="true"
214-->[androidx.profileinstaller:profileinstaller:1.3.1] AndroidManifest.xml:37:13-35
215            android:exported="true"
215-->[androidx.profileinstaller:profileinstaller:1.3.1] AndroidManifest.xml:38:13-36
216            android:permission="android.permission.DUMP" >
216-->[androidx.profileinstaller:profileinstaller:1.3.1] AndroidManifest.xml:39:13-57
217            <intent-filter>
217-->[androidx.profileinstaller:profileinstaller:1.3.1] AndroidManifest.xml:40:13-42:29
218                <action android:name="androidx.profileinstaller.action.INSTALL_PROFILE" />
218-->[androidx.profileinstaller:profileinstaller:1.3.1] AndroidManifest.xml:41:17-91
218-->[androidx.profileinstaller:profileinstaller:1.3.1] AndroidManifest.xml:41:25-88
219            </intent-filter>
220            <intent-filter>
220-->[androidx.profileinstaller:profileinstaller:1.3.1] AndroidManifest.xml:43:13-45:29
221                <action android:name="androidx.profileinstaller.action.SKIP_FILE" />
221-->[androidx.profileinstaller:profileinstaller:1.3.1] AndroidManifest.xml:44:17-85
221-->[androidx.profileinstaller:profileinstaller:1.3.1] AndroidManifest.xml:44:25-82
222            </intent-filter>
223            <intent-filter>
223-->[androidx.profileinstaller:profileinstaller:1.3.1] AndroidManifest.xml:46:13-48:29
224                <action android:name="androidx.profileinstaller.action.SAVE_PROFILE" />
224-->[androidx.profileinstaller:profileinstaller:1.3.1] AndroidManifest.xml:47:17-88
224-->[androidx.profileinstaller:profileinstaller:1.3.1] AndroidManifest.xml:47:25-85
225            </intent-filter>
226            <intent-filter>
226-->[androidx.profileinstaller:profileinstaller:1.3.1] AndroidManifest.xml:49:13-51:29
227                <action android:name="androidx.profileinstaller.action.BENCHMARK_OPERATION" />
227-->[androidx.profileinstaller:profileinstaller:1.3.1] AndroidManifest.xml:50:17-95
227-->[androidx.profileinstaller:profileinstaller:1.3.1] AndroidManifest.xml:50:25-92
228            </intent-filter>
229        </receiver>
230    </application>
231
232</manifest>